The system is: Linux - 5.10.16.3-microsoft-standard-WSL2 - x86_64
Compiling the C compiler identification source file "CMakeCCompilerId.c" succeeded.
Compiler: /usr/bin/gcc 
Build flags: 
Id flags:  

The output was:
0


Compilation of the C compiler identification source "CMakeCCompilerId.c" produced "a.out"

The C compiler identification is GNU, found in "/mnt/r/cmake/CMakeFiles/3.23.20220405/CompilerIdC/a.out"

Compiling the CXX compiler identification source file "CMakeCXXCompilerId.cpp" succeeded.
Compiler: /usr/bin/g++ 
Build flags: 
Id flags:  

The output was:
0


Compilation of the CXX compiler identification source "CMakeCXXCompilerId.cpp" produced "a.out"

The CXX compiler identification is GNU, found in "/mnt/r/cmake/CMakeFiles/3.23.20220405/CompilerIdCXX/a.out"

Detecting C compiler ABI info compiled with the following output:
Change Dir: /mnt/r/cmake/CMakeFiles/CMakeTmp

Run Build Command(s):/usr/bin/make -f Makefile cmTC_e33ce/fast && make  -f CMakeFiles/cmTC_e33ce.dir/build.make CMakeFiles/cmTC_e33ce.dir/build
make[1]: Entering directory '/mnt/r/cmake/CMakeFiles/CMakeTmp'
Building C object CMakeFiles/cmTC_e33ce.dir/CMakeCCompilerABI.c.o
/usr/bin/gcc   -v -o CMakeFiles/cmTC_e33ce.dir/CMakeCCompilerABI.c.o -c /mnt/r/cmake/Modules/CMakeCCompilerABI.c
Using built-in specs.
COLLECT_GCC=/usr/bin/gcc
OFFLOAD_TARGET_NAMES=nvptx-none:hsa
OFFLOAD_TARGET_DEFAULT=1
Target: x86_64-linux-gnu
Configured with: ../src/configure -v --with-pkgversion='Ubuntu 9.4.0-1ubuntu1~20.04.1' --with-bugurl=file:///usr/share/doc/gcc-9/README.Bugs --enable-languages=c,ada,c++,go,brig,d,fortran,objc,obj-c++,gm2 --prefix=/usr --with-gcc-major-version-only --program-suffix=-9 --program-prefix=x86_64-linux-gnu- --enable-shared --enable-linker-build-id --libexecdir=/usr/lib --without-included-gettext --enable-threads=posix --libdir=/usr/lib --enable-nls --enable-clocale=gnu --enable-libstdcxx-debug --enable-libstdcxx-time=yes --with-default-libstdcxx-abi=new --enable-gnu-unique-object --disable-vtable-verify --enable-plugin --enable-default-pie --with-system-zlib --with-target-system-zlib=auto --enable-objc-gc=auto --enable-multiarch --disable-werror --with-arch-32=i686 --with-abi=m64 --with-multilib-list=m32,m64,mx32 --enable-multilib --with-tune=generic --enable-offload-targets=nvptx-none=/build/gcc-9-Av3uEd/gcc-9-9.4.0/debian/tmp-nvptx/usr,hsa --without-cuda-driver --enable-checking=release --build=x86_64-linux-gnu --host=x86_64-linux-gnu --target=x86_64-linux-gnu
Thread model: posix
gcc version 9.4.0 (Ubuntu 9.4.0-1ubuntu1~20.04.1) 
COLLECT_GCC_OPTIONS='-v' '-o' 'CMakeFiles/cmTC_e33ce.dir/CMakeCCompilerABI.c.o' '-c' '-mtune=generic' '-march=x86-64'
 /usr/lib/gcc/x86_64-linux-gnu/9/cc1 -quiet -v -imultiarch x86_64-linux-gnu /mnt/r/cmake/Modules/CMakeCCompilerABI.c -quiet -dumpbase CMakeCCompilerABI.c -mtune=generic -march=x86-64 -auxbase-strip CMakeFiles/cmTC_e33ce.dir/CMakeCCompilerABI.c.o -version -fasynchronous-unwind-tables -fstack-protector-strong -Wformat -Wformat-security -fstack-clash-protection -fcf-protection -o /tmp/ccnHQMfs.s
GNU C17 (Ubuntu 9.4.0-1ubuntu1~20.04.1) version 9.4.0 (x86_64-linux-gnu)
	compiled by GNU C version 9.4.0, GMP version 6.2.0, MPFR version 4.0.2, MPC version 1.1.0, isl version isl-0.22.1-GMP

GGC heuristics: --param ggc-min-expand=100 --param ggc-min-heapsize=131072
ignoring nonexistent directory "/usr/local/include/x86_64-linux-gnu"
ignoring nonexistent directory "/usr/lib/gcc/x86_64-linux-gnu/9/include-fixed"
ignoring nonexistent directory "/usr/lib/gcc/x86_64-linux-gnu/9/../../../../x86_64-linux-gnu/include"
#include "..." search starts here:
#include <...> search starts here:
 /usr/lib/gcc/x86_64-linux-gnu/9/include
 /usr/local/include
 /usr/include/x86_64-linux-gnu
 /usr/include
End of search list.
GNU C17 (Ubuntu 9.4.0-1ubuntu1~20.04.1) version 9.4.0 (x86_64-linux-gnu)
	compiled by GNU C version 9.4.0, GMP version 6.2.0, MPFR version 4.0.2, MPC version 1.1.0, isl version isl-0.22.1-GMP

GGC heuristics: --param ggc-min-expand=100 --param ggc-min-heapsize=131072
Compiler executable checksum: c0c95c0b4209efec1c1892d5ff24030b
COLLECT_GCC_OPTIONS='-v' '-o' 'CMakeFiles/cmTC_e33ce.dir/CMakeCCompilerABI.c.o' '-c' '-mtune=generic' '-march=x86-64'
 as -v --64 -o CMakeFiles/cmTC_e33ce.dir/CMakeCCompilerABI.c.o /tmp/ccnHQMfs.s
GNU assembler version 2.34 (x86_64-linux-gnu) using BFD version (GNU Binutils for Ubuntu) 2.34
COMPILER_PATH=/usr/lib/gcc/x86_64-linux-gnu/9/:/usr/lib/gcc/x86_64-linux-gnu/9/:/usr/lib/gcc/x86_64-linux-gnu/:/usr/lib/gcc/x86_64-linux-gnu/9/:/usr/lib/gcc/x86_64-linux-gnu/
LIBRARY_PATH=/usr/lib/gcc/x86_64-linux-gnu/9/:/usr/lib/gcc/x86_64-linux-gnu/9/../../../x86_64-linux-gnu/:/usr/lib/gcc/x86_64-linux-gnu/9/../../../../lib/:/lib/x86_64-linux-gnu/:/lib/../lib/:/usr/lib/x86_64-linux-gnu/:/usr/lib/../lib/:/usr/lib/gcc/x86_64-linux-gnu/9/../../../:/lib/:/usr/lib/
COLLECT_GCC_OPTIONS='-v' '-o' 'CMakeFiles/cmTC_e33ce.dir/CMakeCCompilerABI.c.o' '-c' '-mtune=generic' '-march=x86-64'
Linking C executable cmTC_e33ce
/mnt/r/cmake/Bootstrap.cmk/cmake -E cmake_link_script CMakeFiles/cmTC_e33ce.dir/link.txt --verbose=1
/usr/bin/gcc  -v CMakeFiles/cmTC_e33ce.dir/CMakeCCompilerABI.c.o -o cmTC_e33ce 
Using built-in specs.
COLLECT_GCC=/usr/bin/gcc
COLLECT_LTO_WRAPPER=/usr/lib/gcc/x86_64-linux-gnu/9/lto-wrapper
OFFLOAD_TARGET_NAMES=nvptx-none:hsa
OFFLOAD_TARGET_DEFAULT=1
Target: x86_64-linux-gnu
Configured with: ../src/configure -v --with-pkgversion='Ubuntu 9.4.0-1ubuntu1~20.04.1' --with-bugurl=file:///usr/share/doc/gcc-9/README.Bugs --enable-languages=c,ada,c++,go,brig,d,fortran,objc,obj-c++,gm2 --prefix=/usr --with-gcc-major-version-only --program-suffix=-9 --program-prefix=x86_64-linux-gnu- --enable-shared --enable-linker-build-id --libexecdir=/usr/lib --without-included-gettext --enable-threads=posix --libdir=/usr/lib --enable-nls --enable-clocale=gnu --enable-libstdcxx-debug --enable-libstdcxx-time=yes --with-default-libstdcxx-abi=new --enable-gnu-unique-object --disable-vtable-verify --enable-plugin --enable-default-pie --with-system-zlib --with-target-system-zlib=auto --enable-objc-gc=auto --enable-multiarch --disable-werror --with-arch-32=i686 --with-abi=m64 --with-multilib-list=m32,m64,mx32 --enable-multilib --with-tune=generic --enable-offload-targets=nvptx-none=/build/gcc-9-Av3uEd/gcc-9-9.4.0/debian/tmp-nvptx/usr,hsa --without-cuda-driver --enable-checking=release --build=x86_64-linux-gnu --host=x86_64-linux-gnu --target=x86_64-linux-gnu
Thread model: posix
gcc version 9.4.0 (Ubuntu 9.4.0-1ubuntu1~20.04.1) 
COMPILER_PATH=/usr/lib/gcc/x86_64-linux-gnu/9/:/usr/lib/gcc/x86_64-linux-gnu/9/:/usr/lib/gcc/x86_64-linux-gnu/:/usr/lib/gcc/x86_64-linux-gnu/9/:/usr/lib/gcc/x86_64-linux-gnu/
LIBRARY_PATH=/usr/lib/gcc/x86_64-linux-gnu/9/:/usr/lib/gcc/x86_64-linux-gnu/9/../../../x86_64-linux-gnu/:/usr/lib/gcc/x86_64-linux-gnu/9/../../../../lib/:/lib/x86_64-linux-gnu/:/lib/../lib/:/usr/lib/x86_64-linux-gnu/:/usr/lib/../lib/:/usr/lib/gcc/x86_64-linux-gnu/9/../../../:/lib/:/usr/lib/
COLLECT_GCC_OPTIONS='-v' '-o' 'cmTC_e33ce' '-mtune=generic' '-march=x86-64'
 /usr/lib/gcc/x86_64-linux-gnu/9/collect2 -plugin /usr/lib/gcc/x86_64-linux-gnu/9/liblto_plugin.so -plugin-opt=/usr/lib/gcc/x86_64-linux-gnu/9/lto-wrapper -plugin-opt=-fresolution=/tmp/ccX3c2SU.res -plugin-opt=-pass-through=-lgcc -plugin-opt=-pass-through=-lgcc_s -plugin-opt=-pass-through=-lc -plugin-opt=-pass-through=-lgcc -plugin-opt=-pass-through=-lgcc_s --build-id --eh-frame-hdr -m elf_x86_64 --hash-style=gnu --as-needed -dynamic-linker /lib64/ld-linux-x86-64.so.2 -pie -z now -z relro -o cmTC_e33ce /usr/lib/gcc/x86_64-linux-gnu/9/../../../x86_64-linux-gnu/Scrt1.o /usr/lib/gcc/x86_64-linux-gnu/9/../../../x86_64-linux-gnu/crti.o /usr/lib/gcc/x86_64-linux-gnu/9/crtbeginS.o -L/usr/lib/gcc/x86_64-linux-gnu/9 -L/usr/lib/gcc/x86_64-linux-gnu/9/../../../x86_64-linux-gnu -L/usr/lib/gcc/x86_64-linux-gnu/9/../../../../lib -L/lib/x86_64-linux-gnu -L/lib/../lib -L/usr/lib/x86_64-linux-gnu -L/usr/lib/../lib -L/usr/lib/gcc/x86_64-linux-gnu/9/../../.. CMakeFiles/cmTC_e33ce.dir/CMakeCCompilerABI.c.o -lgcc --push-state --as-needed -lgcc_s --pop-state -lc -lgcc --push-state --as-needed -lgcc_s --pop-state /usr/lib/gcc/x86_64-linux-gnu/9/crtendS.o /usr/lib/gcc/x86_64-linux-gnu/9/../../../x86_64-linux-gnu/crtn.o
COLLECT_GCC_OPTIONS='-v' '-o' 'cmTC_e33ce' '-mtune=generic' '-march=x86-64'
make[1]: Leaving directory '/mnt/r/cmake/CMakeFiles/CMakeTmp'



Parsed C implicit include dir info from above output: rv=done
  found start of include info
  found start of implicit include info
    add: [/usr/lib/gcc/x86_64-linux-gnu/9/include]
    add: [/usr/local/include]
    add: [/usr/include/x86_64-linux-gnu]
    add: [/usr/include]
  end of search list found
  collapse include dir [/usr/lib/gcc/x86_64-linux-gnu/9/include] ==> [/usr/lib/gcc/x86_64-linux-gnu/9/include]
  collapse include dir [/usr/local/include] ==> [/usr/local/include]
  collapse include dir [/usr/include/x86_64-linux-gnu] ==> [/usr/include/x86_64-linux-gnu]
  collapse include dir [/usr/include] ==> [/usr/include]
  implicit include dirs: [/usr/lib/gcc/x86_64-linux-gnu/9/include;/usr/local/include;/usr/include/x86_64-linux-gnu;/usr/include]


Parsed C implicit link information from above output:
  link line regex: [^( *|.*[/\])(ld|CMAKE_LINK_STARTFILE-NOTFOUND|([^/\]+-)?ld|collect2)[^/\]*( |$)]
  ignore line: [Change Dir: /mnt/r/cmake/CMakeFiles/CMakeTmp]
  ignore line: []
  ignore line: [Run Build Command(s):/usr/bin/make -f Makefile cmTC_e33ce/fast && make  -f CMakeFiles/cmTC_e33ce.dir/build.make CMakeFiles/cmTC_e33ce.dir/build]
  ignore line: [make[1]: Entering directory '/mnt/r/cmake/CMakeFiles/CMakeTmp']
  ignore line: [Building C object CMakeFiles/cmTC_e33ce.dir/CMakeCCompilerABI.c.o]
  ignore line: [/usr/bin/gcc   -v -o CMakeFiles/cmTC_e33ce.dir/CMakeCCompilerABI.c.o -c /mnt/r/cmake/Modules/CMakeCCompilerABI.c]
  ignore line: [Using built-in specs.]
  ignore line: [COLLECT_GCC=/usr/bin/gcc]
  ignore line: [OFFLOAD_TARGET_NAMES=nvptx-none:hsa]
  ignore line: [OFFLOAD_TARGET_DEFAULT=1]
  ignore line: [Target: x86_64-linux-gnu]
  ignore line: [Configured with: ../src/configure -v --with-pkgversion='Ubuntu 9.4.0-1ubuntu1~20.04.1' --with-bugurl=file:///usr/share/doc/gcc-9/README.Bugs --enable-languages=c ada c++ go brig d fortran objc obj-c++ gm2 --prefix=/usr --with-gcc-major-version-only --program-suffix=-9 --program-prefix=x86_64-linux-gnu- --enable-shared --enable-linker-build-id --libexecdir=/usr/lib --without-included-gettext --enable-threads=posix --libdir=/usr/lib --enable-nls --enable-clocale=gnu --enable-libstdcxx-debug --enable-libstdcxx-time=yes --with-default-libstdcxx-abi=new --enable-gnu-unique-object --disable-vtable-verify --enable-plugin --enable-default-pie --with-system-zlib --with-target-system-zlib=auto --enable-objc-gc=auto --enable-multiarch --disable-werror --with-arch-32=i686 --with-abi=m64 --with-multilib-list=m32 m64 mx32 --enable-multilib --with-tune=generic --enable-offload-targets=nvptx-none=/build/gcc-9-Av3uEd/gcc-9-9.4.0/debian/tmp-nvptx/usr hsa --without-cuda-driver --enable-checking=release --build=x86_64-linux-gnu --host=x86_64-linux-gnu --target=x86_64-linux-gnu]
  ignore line: [Thread model: posix]
  ignore line: [gcc version 9.4.0 (Ubuntu 9.4.0-1ubuntu1~20.04.1) ]
  ignore line: [COLLECT_GCC_OPTIONS='-v' '-o' 'CMakeFiles/cmTC_e33ce.dir/CMakeCCompilerABI.c.o' '-c' '-mtune=generic' '-march=x86-64']
  ignore line: [ /usr/lib/gcc/x86_64-linux-gnu/9/cc1 -quiet -v -imultiarch x86_64-linux-gnu /mnt/r/cmake/Modules/CMakeCCompilerABI.c -quiet -dumpbase CMakeCCompilerABI.c -mtune=generic -march=x86-64 -auxbase-strip CMakeFiles/cmTC_e33ce.dir/CMakeCCompilerABI.c.o -version -fasynchronous-unwind-tables -fstack-protector-strong -Wformat -Wformat-security -fstack-clash-protection -fcf-protection -o /tmp/ccnHQMfs.s]
  ignore line: [GNU C17 (Ubuntu 9.4.0-1ubuntu1~20.04.1) version 9.4.0 (x86_64-linux-gnu)]
  ignore line: [	compiled by GNU C version 9.4.0  GMP version 6.2.0  MPFR version 4.0.2  MPC version 1.1.0  isl version isl-0.22.1-GMP]
  ignore line: []
  ignore line: [GGC heuristics: --param ggc-min-expand=100 --param ggc-min-heapsize=131072]
  ignore line: [ignoring nonexistent directory "/usr/local/include/x86_64-linux-gnu"]
  ignore line: [ignoring nonexistent directory "/usr/lib/gcc/x86_64-linux-gnu/9/include-fixed"]
  ignore line: [ignoring nonexistent directory "/usr/lib/gcc/x86_64-linux-gnu/9/../../../../x86_64-linux-gnu/include"]
  ignore line: [#include "..." search starts here:]
  ignore line: [#include <...> search starts here:]
  ignore line: [ /usr/lib/gcc/x86_64-linux-gnu/9/include]
  ignore line: [ /usr/local/include]
  ignore line: [ /usr/include/x86_64-linux-gnu]
  ignore line: [ /usr/include]
  ignore line: [End of search list.]
  ignore line: [GNU C17 (Ubuntu 9.4.0-1ubuntu1~20.04.1) version 9.4.0 (x86_64-linux-gnu)]
  ignore line: [	compiled by GNU C version 9.4.0  GMP version 6.2.0  MPFR version 4.0.2  MPC version 1.1.0  isl version isl-0.22.1-GMP]
  ignore line: []
  ignore line: [GGC heuristics: --param ggc-min-expand=100 --param ggc-min-heapsize=131072]
  ignore line: [Compiler executable checksum: c0c95c0b4209efec1c1892d5ff24030b]
  ignore line: [COLLECT_GCC_OPTIONS='-v' '-o' 'CMakeFiles/cmTC_e33ce.dir/CMakeCCompilerABI.c.o' '-c' '-mtune=generic' '-march=x86-64']
  ignore line: [ as -v --64 -o CMakeFiles/cmTC_e33ce.dir/CMakeCCompilerABI.c.o /tmp/ccnHQMfs.s]
  ignore line: [GNU assembler version 2.34 (x86_64-linux-gnu) using BFD version (GNU Binutils for Ubuntu) 2.34]
  ignore line: [COMPILER_PATH=/usr/lib/gcc/x86_64-linux-gnu/9/:/usr/lib/gcc/x86_64-linux-gnu/9/:/usr/lib/gcc/x86_64-linux-gnu/:/usr/lib/gcc/x86_64-linux-gnu/9/:/usr/lib/gcc/x86_64-linux-gnu/]
  ignore line: [LIBRARY_PATH=/usr/lib/gcc/x86_64-linux-gnu/9/:/usr/lib/gcc/x86_64-linux-gnu/9/../../../x86_64-linux-gnu/:/usr/lib/gcc/x86_64-linux-gnu/9/../../../../lib/:/lib/x86_64-linux-gnu/:/lib/../lib/:/usr/lib/x86_64-linux-gnu/:/usr/lib/../lib/:/usr/lib/gcc/x86_64-linux-gnu/9/../../../:/lib/:/usr/lib/]
  ignore line: [COLLECT_GCC_OPTIONS='-v' '-o' 'CMakeFiles/cmTC_e33ce.dir/CMakeCCompilerABI.c.o' '-c' '-mtune=generic' '-march=x86-64']
  ignore line: [Linking C executable cmTC_e33ce]
  ignore line: [/mnt/r/cmake/Bootstrap.cmk/cmake -E cmake_link_script CMakeFiles/cmTC_e33ce.dir/link.txt --verbose=1]
  ignore line: [/usr/bin/gcc  -v CMakeFiles/cmTC_e33ce.dir/CMakeCCompilerABI.c.o -o cmTC_e33ce ]
  ignore line: [Using built-in specs.]
  ignore line: [COLLECT_GCC=/usr/bin/gcc]
  ignore line: [COLLECT_LTO_WRAPPER=/usr/lib/gcc/x86_64-linux-gnu/9/lto-wrapper]
  ignore line: [OFFLOAD_TARGET_NAMES=nvptx-none:hsa]
  ignore line: [OFFLOAD_TARGET_DEFAULT=1]
  ignore line: [Target: x86_64-linux-gnu]
  ignore line: [Configured with: ../src/configure -v --with-pkgversion='Ubuntu 9.4.0-1ubuntu1~20.04.1' --with-bugurl=file:///usr/share/doc/gcc-9/README.Bugs --enable-languages=c ada c++ go brig d fortran objc obj-c++ gm2 --prefix=/usr --with-gcc-major-version-only --program-suffix=-9 --program-prefix=x86_64-linux-gnu- --enable-shared --enable-linker-build-id --libexecdir=/usr/lib --without-included-gettext --enable-threads=posix --libdir=/usr/lib --enable-nls --enable-clocale=gnu --enable-libstdcxx-debug --enable-libstdcxx-time=yes --with-default-libstdcxx-abi=new --enable-gnu-unique-object --disable-vtable-verify --enable-plugin --enable-default-pie --with-system-zlib --with-target-system-zlib=auto --enable-objc-gc=auto --enable-multiarch --disable-werror --with-arch-32=i686 --with-abi=m64 --with-multilib-list=m32 m64 mx32 --enable-multilib --with-tune=generic --enable-offload-targets=nvptx-none=/build/gcc-9-Av3uEd/gcc-9-9.4.0/debian/tmp-nvptx/usr hsa --without-cuda-driver --enable-checking=release --build=x86_64-linux-gnu --host=x86_64-linux-gnu --target=x86_64-linux-gnu]
  ignore line: [Thread model: posix]
  ignore line: [gcc version 9.4.0 (Ubuntu 9.4.0-1ubuntu1~20.04.1) ]
  ignore line: [COMPILER_PATH=/usr/lib/gcc/x86_64-linux-gnu/9/:/usr/lib/gcc/x86_64-linux-gnu/9/:/usr/lib/gcc/x86_64-linux-gnu/:/usr/lib/gcc/x86_64-linux-gnu/9/:/usr/lib/gcc/x86_64-linux-gnu/]
  ignore line: [LIBRARY_PATH=/usr/lib/gcc/x86_64-linux-gnu/9/:/usr/lib/gcc/x86_64-linux-gnu/9/../../../x86_64-linux-gnu/:/usr/lib/gcc/x86_64-linux-gnu/9/../../../../lib/:/lib/x86_64-linux-gnu/:/lib/../lib/:/usr/lib/x86_64-linux-gnu/:/usr/lib/../lib/:/usr/lib/gcc/x86_64-linux-gnu/9/../../../:/lib/:/usr/lib/]
  ignore line: [COLLECT_GCC_OPTIONS='-v' '-o' 'cmTC_e33ce' '-mtune=generic' '-march=x86-64']
  link line: [ /usr/lib/gcc/x86_64-linux-gnu/9/collect2 -plugin /usr/lib/gcc/x86_64-linux-gnu/9/liblto_plugin.so -plugin-opt=/usr/lib/gcc/x86_64-linux-gnu/9/lto-wrapper -plugin-opt=-fresolution=/tmp/ccX3c2SU.res -plugin-opt=-pass-through=-lgcc -plugin-opt=-pass-through=-lgcc_s -plugin-opt=-pass-through=-lc -plugin-opt=-pass-through=-lgcc -plugin-opt=-pass-through=-lgcc_s --build-id --eh-frame-hdr -m elf_x86_64 --hash-style=gnu --as-needed -dynamic-linker /lib64/ld-linux-x86-64.so.2 -pie -z now -z relro -o cmTC_e33ce /usr/lib/gcc/x86_64-linux-gnu/9/../../../x86_64-linux-gnu/Scrt1.o /usr/lib/gcc/x86_64-linux-gnu/9/../../../x86_64-linux-gnu/crti.o /usr/lib/gcc/x86_64-linux-gnu/9/crtbeginS.o -L/usr/lib/gcc/x86_64-linux-gnu/9 -L/usr/lib/gcc/x86_64-linux-gnu/9/../../../x86_64-linux-gnu -L/usr/lib/gcc/x86_64-linux-gnu/9/../../../../lib -L/lib/x86_64-linux-gnu -L/lib/../lib -L/usr/lib/x86_64-linux-gnu -L/usr/lib/../lib -L/usr/lib/gcc/x86_64-linux-gnu/9/../../.. CMakeFiles/cmTC_e33ce.dir/CMakeCCompilerABI.c.o -lgcc --push-state --as-needed -lgcc_s --pop-state -lc -lgcc --push-state --as-needed -lgcc_s --pop-state /usr/lib/gcc/x86_64-linux-gnu/9/crtendS.o /usr/lib/gcc/x86_64-linux-gnu/9/../../../x86_64-linux-gnu/crtn.o]
    arg [/usr/lib/gcc/x86_64-linux-gnu/9/collect2] ==> ignore
    arg [-plugin] ==> ignore
    arg [/usr/lib/gcc/x86_64-linux-gnu/9/liblto_plugin.so] ==> ignore
    arg [-plugin-opt=/usr/lib/gcc/x86_64-linux-gnu/9/lto-wrapper] ==> ignore
    arg [-plugin-opt=-fresolution=/tmp/ccX3c2SU.res] ==> ignore
    arg [-plugin-opt=-pass-through=-lgcc] ==> ignore
    arg [-plugin-opt=-pass-through=-lgcc_s] ==> ignore
    arg [-plugin-opt=-pass-through=-lc] ==> ignore
    arg [-plugin-opt=-pass-through=-lgcc] ==> ignore
    arg [-plugin-opt=-pass-through=-lgcc_s] ==> ignore
    arg [--build-id] ==> ignore
    arg [--eh-frame-hdr] ==> ignore
    arg [-m] ==> ignore
    arg [elf_x86_64] ==> ignore
    arg [--hash-style=gnu] ==> ignore
    arg [--as-needed] ==> ignore
    arg [-dynamic-linker] ==> ignore
    arg [/lib64/ld-linux-x86-64.so.2] ==> ignore
    arg [-pie] ==> ignore
    arg [-znow] ==> ignore
    arg [-zrelro] ==> ignore
    arg [-o] ==> ignore
    arg [cmTC_e33ce] ==> ignore
    arg [/usr/lib/gcc/x86_64-linux-gnu/9/../../../x86_64-linux-gnu/Scrt1.o] ==> obj [/usr/lib/gcc/x86_64-linux-gnu/9/../../../x86_64-linux-gnu/Scrt1.o]
    arg [/usr/lib/gcc/x86_64-linux-gnu/9/../../../x86_64-linux-gnu/crti.o] ==> obj [/usr/lib/gcc/x86_64-linux-gnu/9/../../../x86_64-linux-gnu/crti.o]
    arg [/usr/lib/gcc/x86_64-linux-gnu/9/crtbeginS.o] ==> obj [/usr/lib/gcc/x86_64-linux-gnu/9/crtbeginS.o]
    arg [-L/usr/lib/gcc/x86_64-linux-gnu/9] ==> dir [/usr/lib/gcc/x86_64-linux-gnu/9]
    arg [-L/usr/lib/gcc/x86_64-linux-gnu/9/../../../x86_64-linux-gnu] ==> dir [/usr/lib/gcc/x86_64-linux-gnu/9/../../../x86_64-linux-gnu]
    arg [-L/usr/lib/gcc/x86_64-linux-gnu/9/../../../../lib] ==> dir [/usr/lib/gcc/x86_64-linux-gnu/9/../../../../lib]
    arg [-L/lib/x86_64-linux-gnu] ==> dir [/lib/x86_64-linux-gnu]
    arg [-L/lib/../lib] ==> dir [/lib/../lib]
    arg [-L/usr/lib/x86_64-linux-gnu] ==> dir [/usr/lib/x86_64-linux-gnu]
    arg [-L/usr/lib/../lib] ==> dir [/usr/lib/../lib]
    arg [-L/usr/lib/gcc/x86_64-linux-gnu/9/../../..] ==> dir [/usr/lib/gcc/x86_64-linux-gnu/9/../../..]
    arg [CMakeFiles/cmTC_e33ce.dir/CMakeCCompilerABI.c.o] ==> ignore
    arg [-lgcc] ==> lib [gcc]
    arg [--push-state] ==> ignore
    arg [--as-needed] ==> ignore
    arg [-lgcc_s] ==> lib [gcc_s]
    arg [--pop-state] ==> ignore
    arg [-lc] ==> lib [c]
    arg [-lgcc] ==> lib [gcc]
    arg [--push-state] ==> ignore
    arg [--as-needed] ==> ignore
    arg [-lgcc_s] ==> lib [gcc_s]
    arg [--pop-state] ==> ignore
    arg [/usr/lib/gcc/x86_64-linux-gnu/9/crtendS.o] ==> obj [/usr/lib/gcc/x86_64-linux-gnu/9/crtendS.o]
    arg [/usr/lib/gcc/x86_64-linux-gnu/9/../../../x86_64-linux-gnu/crtn.o] ==> obj [/usr/lib/gcc/x86_64-linux-gnu/9/../../../x86_64-linux-gnu/crtn.o]
  collapse obj [/usr/lib/gcc/x86_64-linux-gnu/9/../../../x86_64-linux-gnu/Scrt1.o] ==> [/usr/lib/x86_64-linux-gnu/Scrt1.o]
  collapse obj [/usr/lib/gcc/x86_64-linux-gnu/9/../../../x86_64-linux-gnu/crti.o] ==> [/usr/lib/x86_64-linux-gnu/crti.o]
  collapse obj [/usr/lib/gcc/x86_64-linux-gnu/9/../../../x86_64-linux-gnu/crtn.o] ==> [/usr/lib/x86_64-linux-gnu/crtn.o]
  collapse library dir [/usr/lib/gcc/x86_64-linux-gnu/9] ==> [/usr/lib/gcc/x86_64-linux-gnu/9]
  collapse library dir [/usr/lib/gcc/x86_64-linux-gnu/9/../../../x86_64-linux-gnu] ==> [/usr/lib/x86_64-linux-gnu]
  collapse library dir [/usr/lib/gcc/x86_64-linux-gnu/9/../../../../lib] ==> [/usr/lib]
  collapse library dir [/lib/x86_64-linux-gnu] ==> [/lib/x86_64-linux-gnu]
  collapse library dir [/lib/../lib] ==> [/lib]
  collapse library dir [/usr/lib/x86_64-linux-gnu] ==> [/usr/lib/x86_64-linux-gnu]
  collapse library dir [/usr/lib/../lib] ==> [/usr/lib]
  collapse library dir [/usr/lib/gcc/x86_64-linux-gnu/9/../../..] ==> [/usr/lib]
  implicit libs: [gcc;gcc_s;c;gcc;gcc_s]
  implicit objs: [/usr/lib/x86_64-linux-gnu/Scrt1.o;/usr/lib/x86_64-linux-gnu/crti.o;/usr/lib/gcc/x86_64-linux-gnu/9/crtbeginS.o;/usr/lib/gcc/x86_64-linux-gnu/9/crtendS.o;/usr/lib/x86_64-linux-gnu/crtn.o]
  implicit dirs: [/usr/lib/gcc/x86_64-linux-gnu/9;/usr/lib/x86_64-linux-gnu;/usr/lib;/lib/x86_64-linux-gnu;/lib]
  implicit fwks: []


Detecting CXX compiler ABI info compiled with the following output:
Change Dir: /mnt/r/cmake/CMakeFiles/CMakeTmp

Run Build Command(s):/usr/bin/make -f Makefile cmTC_c1b17/fast && make  -f CMakeFiles/cmTC_c1b17.dir/build.make CMakeFiles/cmTC_c1b17.dir/build
make[1]: Entering directory '/mnt/r/cmake/CMakeFiles/CMakeTmp'
Building CXX object CMakeFiles/cmTC_c1b17.dir/CMakeCXXCompilerABI.cpp.o
/usr/bin/g++   -v -o CMakeFiles/cmTC_c1b17.dir/CMakeCXXCompilerABI.cpp.o -c /mnt/r/cmake/Modules/CMakeCXXCompilerABI.cpp
Using built-in specs.
COLLECT_GCC=/usr/bin/g++
OFFLOAD_TARGET_NAMES=nvptx-none:hsa
OFFLOAD_TARGET_DEFAULT=1
Target: x86_64-linux-gnu
Configured with: ../src/configure -v --with-pkgversion='Ubuntu 9.4.0-1ubuntu1~20.04.1' --with-bugurl=file:///usr/share/doc/gcc-9/README.Bugs --enable-languages=c,ada,c++,go,brig,d,fortran,objc,obj-c++,gm2 --prefix=/usr --with-gcc-major-version-only --program-suffix=-9 --program-prefix=x86_64-linux-gnu- --enable-shared --enable-linker-build-id --libexecdir=/usr/lib --without-included-gettext --enable-threads=posix --libdir=/usr/lib --enable-nls --enable-clocale=gnu --enable-libstdcxx-debug --enable-libstdcxx-time=yes --with-default-libstdcxx-abi=new --enable-gnu-unique-object --disable-vtable-verify --enable-plugin --enable-default-pie --with-system-zlib --with-target-system-zlib=auto --enable-objc-gc=auto --enable-multiarch --disable-werror --with-arch-32=i686 --with-abi=m64 --with-multilib-list=m32,m64,mx32 --enable-multilib --with-tune=generic --enable-offload-targets=nvptx-none=/build/gcc-9-Av3uEd/gcc-9-9.4.0/debian/tmp-nvptx/usr,hsa --without-cuda-driver --enable-checking=release --build=x86_64-linux-gnu --host=x86_64-linux-gnu --target=x86_64-linux-gnu
Thread model: posix
gcc version 9.4.0 (Ubuntu 9.4.0-1ubuntu1~20.04.1) 
COLLECT_GCC_OPTIONS='-v' '-o' 'CMakeFiles/cmTC_c1b17.dir/CMakeCXXCompilerABI.cpp.o' '-c' '-shared-libgcc' '-mtune=generic' '-march=x86-64'
 /usr/lib/gcc/x86_64-linux-gnu/9/cc1plus -quiet -v -imultiarch x86_64-linux-gnu -D_GNU_SOURCE /mnt/r/cmake/Modules/CMakeCXXCompilerABI.cpp -quiet -dumpbase CMakeCXXCompilerABI.cpp -mtune=generic -march=x86-64 -auxbase-strip CMakeFiles/cmTC_c1b17.dir/CMakeCXXCompilerABI.cpp.o -version -fasynchronous-unwind-tables -fstack-protector-strong -Wformat -Wformat-security -fstack-clash-protection -fcf-protection -o /tmp/ccvLHbmw.s
GNU C++14 (Ubuntu 9.4.0-1ubuntu1~20.04.1) version 9.4.0 (x86_64-linux-gnu)
	compiled by GNU C version 9.4.0, GMP version 6.2.0, MPFR version 4.0.2, MPC version 1.1.0, isl version isl-0.22.1-GMP

GGC heuristics: --param ggc-min-expand=100 --param ggc-min-heapsize=131072
ignoring duplicate directory "/usr/include/x86_64-linux-gnu/c++/9"
ignoring nonexistent directory "/usr/local/include/x86_64-linux-gnu"
ignoring nonexistent directory "/usr/lib/gcc/x86_64-linux-gnu/9/include-fixed"
ignoring nonexistent directory "/usr/lib/gcc/x86_64-linux-gnu/9/../../../../x86_64-linux-gnu/include"
#include "..." search starts here:
#include <...> search starts here:
 /usr/include/c++/9
 /usr/include/x86_64-linux-gnu/c++/9
 /usr/include/c++/9/backward
 /usr/lib/gcc/x86_64-linux-gnu/9/include
 /usr/local/include
 /usr/include/x86_64-linux-gnu
 /usr/include
End of search list.
GNU C++14 (Ubuntu 9.4.0-1ubuntu1~20.04.1) version 9.4.0 (x86_64-linux-gnu)
	compiled by GNU C version 9.4.0, GMP version 6.2.0, MPFR version 4.0.2, MPC version 1.1.0, isl version isl-0.22.1-GMP

GGC heuristics: --param ggc-min-expand=100 --param ggc-min-heapsize=131072
Compiler executable checksum: 65fe925b83d3956b533de4aaba7dace0
COLLECT_GCC_OPTIONS='-v' '-o' 'CMakeFiles/cmTC_c1b17.dir/CMakeCXXCompilerABI.cpp.o' '-c' '-shared-libgcc' '-mtune=generic' '-march=x86-64'
 as -v --64 -o CMakeFiles/cmTC_c1b17.dir/CMakeCXXCompilerABI.cpp.o /tmp/ccvLHbmw.s
GNU assembler version 2.34 (x86_64-linux-gnu) using BFD version (GNU Binutils for Ubuntu) 2.34
COMPILER_PATH=/usr/lib/gcc/x86_64-linux-gnu/9/:/usr/lib/gcc/x86_64-linux-gnu/9/:/usr/lib/gcc/x86_64-linux-gnu/:/usr/lib/gcc/x86_64-linux-gnu/9/:/usr/lib/gcc/x86_64-linux-gnu/
LIBRARY_PATH=/usr/lib/gcc/x86_64-linux-gnu/9/:/usr/lib/gcc/x86_64-linux-gnu/9/../../../x86_64-linux-gnu/:/usr/lib/gcc/x86_64-linux-gnu/9/../../../../lib/:/lib/x86_64-linux-gnu/:/lib/../lib/:/usr/lib/x86_64-linux-gnu/:/usr/lib/../lib/:/usr/lib/gcc/x86_64-linux-gnu/9/../../../:/lib/:/usr/lib/
COLLECT_GCC_OPTIONS='-v' '-o' 'CMakeFiles/cmTC_c1b17.dir/CMakeCXXCompilerABI.cpp.o' '-c' '-shared-libgcc' '-mtune=generic' '-march=x86-64'
Linking CXX executable cmTC_c1b17
/mnt/r/cmake/Bootstrap.cmk/cmake -E cmake_link_script CMakeFiles/cmTC_c1b17.dir/link.txt --verbose=1
/usr/bin/g++  -v CMakeFiles/cmTC_c1b17.dir/CMakeCXXCompilerABI.cpp.o -o cmTC_c1b17 
Using built-in specs.
COLLECT_GCC=/usr/bin/g++
COLLECT_LTO_WRAPPER=/usr/lib/gcc/x86_64-linux-gnu/9/lto-wrapper
OFFLOAD_TARGET_NAMES=nvptx-none:hsa
OFFLOAD_TARGET_DEFAULT=1
Target: x86_64-linux-gnu
Configured with: ../src/configure -v --with-pkgversion='Ubuntu 9.4.0-1ubuntu1~20.04.1' --with-bugurl=file:///usr/share/doc/gcc-9/README.Bugs --enable-languages=c,ada,c++,go,brig,d,fortran,objc,obj-c++,gm2 --prefix=/usr --with-gcc-major-version-only --program-suffix=-9 --program-prefix=x86_64-linux-gnu- --enable-shared --enable-linker-build-id --libexecdir=/usr/lib --without-included-gettext --enable-threads=posix --libdir=/usr/lib --enable-nls --enable-clocale=gnu --enable-libstdcxx-debug --enable-libstdcxx-time=yes --with-default-libstdcxx-abi=new --enable-gnu-unique-object --disable-vtable-verify --enable-plugin --enable-default-pie --with-system-zlib --with-target-system-zlib=auto --enable-objc-gc=auto --enable-multiarch --disable-werror --with-arch-32=i686 --with-abi=m64 --with-multilib-list=m32,m64,mx32 --enable-multilib --with-tune=generic --enable-offload-targets=nvptx-none=/build/gcc-9-Av3uEd/gcc-9-9.4.0/debian/tmp-nvptx/usr,hsa --without-cuda-driver --enable-checking=release --build=x86_64-linux-gnu --host=x86_64-linux-gnu --target=x86_64-linux-gnu
Thread model: posix
gcc version 9.4.0 (Ubuntu 9.4.0-1ubuntu1~20.04.1) 
COMPILER_PATH=/usr/lib/gcc/x86_64-linux-gnu/9/:/usr/lib/gcc/x86_64-linux-gnu/9/:/usr/lib/gcc/x86_64-linux-gnu/:/usr/lib/gcc/x86_64-linux-gnu/9/:/usr/lib/gcc/x86_64-linux-gnu/
LIBRARY_PATH=/usr/lib/gcc/x86_64-linux-gnu/9/:/usr/lib/gcc/x86_64-linux-gnu/9/../../../x86_64-linux-gnu/:/usr/lib/gcc/x86_64-linux-gnu/9/../../../../lib/:/lib/x86_64-linux-gnu/:/lib/../lib/:/usr/lib/x86_64-linux-gnu/:/usr/lib/../lib/:/usr/lib/gcc/x86_64-linux-gnu/9/../../../:/lib/:/usr/lib/
COLLECT_GCC_OPTIONS='-v' '-o' 'cmTC_c1b17' '-shared-libgcc' '-mtune=generic' '-march=x86-64'
 /usr/lib/gcc/x86_64-linux-gnu/9/collect2 -plugin /usr/lib/gcc/x86_64-linux-gnu/9/liblto_plugin.so -plugin-opt=/usr/lib/gcc/x86_64-linux-gnu/9/lto-wrapper -plugin-opt=-fresolution=/tmp/cc2jra0Y.res -plugin-opt=-pass-through=-lgcc_s -plugin-opt=-pass-through=-lgcc -plugin-opt=-pass-through=-lc -plugin-opt=-pass-through=-lgcc_s -plugin-opt=-pass-through=-lgcc --build-id --eh-frame-hdr -m elf_x86_64 --hash-style=gnu --as-needed -dynamic-linker /lib64/ld-linux-x86-64.so.2 -pie -z now -z relro -o cmTC_c1b17 /usr/lib/gcc/x86_64-linux-gnu/9/../../../x86_64-linux-gnu/Scrt1.o /usr/lib/gcc/x86_64-linux-gnu/9/../../../x86_64-linux-gnu/crti.o /usr/lib/gcc/x86_64-linux-gnu/9/crtbeginS.o -L/usr/lib/gcc/x86_64-linux-gnu/9 -L/usr/lib/gcc/x86_64-linux-gnu/9/../../../x86_64-linux-gnu -L/usr/lib/gcc/x86_64-linux-gnu/9/../../../../lib -L/lib/x86_64-linux-gnu -L/lib/../lib -L/usr/lib/x86_64-linux-gnu -L/usr/lib/../lib -L/usr/lib/gcc/x86_64-linux-gnu/9/../../.. CMakeFiles/cmTC_c1b17.dir/CMakeCXXCompilerABI.cpp.o -lstdc++ -lm -lgcc_s -lgcc -lc -lgcc_s -lgcc /usr/lib/gcc/x86_64-linux-gnu/9/crtendS.o /usr/lib/gcc/x86_64-linux-gnu/9/../../../x86_64-linux-gnu/crtn.o
COLLECT_GCC_OPTIONS='-v' '-o' 'cmTC_c1b17' '-shared-libgcc' '-mtune=generic' '-march=x86-64'
make[1]: Leaving directory '/mnt/r/cmake/CMakeFiles/CMakeTmp'



Parsed CXX implicit include dir info from above output: rv=done
  found start of include info
  found start of implicit include info
    add: [/usr/include/c++/9]
    add: [/usr/include/x86_64-linux-gnu/c++/9]
    add: [/usr/include/c++/9/backward]
    add: [/usr/lib/gcc/x86_64-linux-gnu/9/include]
    add: [/usr/local/include]
    add: [/usr/include/x86_64-linux-gnu]
    add: [/usr/include]
  end of search list found
  collapse include dir [/usr/include/c++/9] ==> [/usr/include/c++/9]
  collapse include dir [/usr/include/x86_64-linux-gnu/c++/9] ==> [/usr/include/x86_64-linux-gnu/c++/9]
  collapse include dir [/usr/include/c++/9/backward] ==> [/usr/include/c++/9/backward]
  collapse include dir [/usr/lib/gcc/x86_64-linux-gnu/9/include] ==> [/usr/lib/gcc/x86_64-linux-gnu/9/include]
  collapse include dir [/usr/local/include] ==> [/usr/local/include]
  collapse include dir [/usr/include/x86_64-linux-gnu] ==> [/usr/include/x86_64-linux-gnu]
  collapse include dir [/usr/include] ==> [/usr/include]
  implicit include dirs: [/usr/include/c++/9;/usr/include/x86_64-linux-gnu/c++/9;/usr/include/c++/9/backward;/usr/lib/gcc/x86_64-linux-gnu/9/include;/usr/local/include;/usr/include/x86_64-linux-gnu;/usr/include]


Parsed CXX implicit link information from above output:
  link line regex: [^( *|.*[/\])(ld|CMAKE_LINK_STARTFILE-NOTFOUND|([^/\]+-)?ld|collect2)[^/\]*( |$)]
  ignore line: [Change Dir: /mnt/r/cmake/CMakeFiles/CMakeTmp]
  ignore line: []
  ignore line: [Run Build Command(s):/usr/bin/make -f Makefile cmTC_c1b17/fast && make  -f CMakeFiles/cmTC_c1b17.dir/build.make CMakeFiles/cmTC_c1b17.dir/build]
  ignore line: [make[1]: Entering directory '/mnt/r/cmake/CMakeFiles/CMakeTmp']
  ignore line: [Building CXX object CMakeFiles/cmTC_c1b17.dir/CMakeCXXCompilerABI.cpp.o]
  ignore line: [/usr/bin/g++   -v -o CMakeFiles/cmTC_c1b17.dir/CMakeCXXCompilerABI.cpp.o -c /mnt/r/cmake/Modules/CMakeCXXCompilerABI.cpp]
  ignore line: [Using built-in specs.]
  ignore line: [COLLECT_GCC=/usr/bin/g++]
  ignore line: [OFFLOAD_TARGET_NAMES=nvptx-none:hsa]
  ignore line: [OFFLOAD_TARGET_DEFAULT=1]
  ignore line: [Target: x86_64-linux-gnu]
  ignore line: [Configured with: ../src/configure -v --with-pkgversion='Ubuntu 9.4.0-1ubuntu1~20.04.1' --with-bugurl=file:///usr/share/doc/gcc-9/README.Bugs --enable-languages=c ada c++ go brig d fortran objc obj-c++ gm2 --prefix=/usr --with-gcc-major-version-only --program-suffix=-9 --program-prefix=x86_64-linux-gnu- --enable-shared --enable-linker-build-id --libexecdir=/usr/lib --without-included-gettext --enable-threads=posix --libdir=/usr/lib --enable-nls --enable-clocale=gnu --enable-libstdcxx-debug --enable-libstdcxx-time=yes --with-default-libstdcxx-abi=new --enable-gnu-unique-object --disable-vtable-verify --enable-plugin --enable-default-pie --with-system-zlib --with-target-system-zlib=auto --enable-objc-gc=auto --enable-multiarch --disable-werror --with-arch-32=i686 --with-abi=m64 --with-multilib-list=m32 m64 mx32 --enable-multilib --with-tune=generic --enable-offload-targets=nvptx-none=/build/gcc-9-Av3uEd/gcc-9-9.4.0/debian/tmp-nvptx/usr hsa --without-cuda-driver --enable-checking=release --build=x86_64-linux-gnu --host=x86_64-linux-gnu --target=x86_64-linux-gnu]
  ignore line: [Thread model: posix]
  ignore line: [gcc version 9.4.0 (Ubuntu 9.4.0-1ubuntu1~20.04.1) ]
  ignore line: [COLLECT_GCC_OPTIONS='-v' '-o' 'CMakeFiles/cmTC_c1b17.dir/CMakeCXXCompilerABI.cpp.o' '-c' '-shared-libgcc' '-mtune=generic' '-march=x86-64']
  ignore line: [ /usr/lib/gcc/x86_64-linux-gnu/9/cc1plus -quiet -v -imultiarch x86_64-linux-gnu -D_GNU_SOURCE /mnt/r/cmake/Modules/CMakeCXXCompilerABI.cpp -quiet -dumpbase CMakeCXXCompilerABI.cpp -mtune=generic -march=x86-64 -auxbase-strip CMakeFiles/cmTC_c1b17.dir/CMakeCXXCompilerABI.cpp.o -version -fasynchronous-unwind-tables -fstack-protector-strong -Wformat -Wformat-security -fstack-clash-protection -fcf-protection -o /tmp/ccvLHbmw.s]
  ignore line: [GNU C++14 (Ubuntu 9.4.0-1ubuntu1~20.04.1) version 9.4.0 (x86_64-linux-gnu)]
  ignore line: [	compiled by GNU C version 9.4.0  GMP version 6.2.0  MPFR version 4.0.2  MPC version 1.1.0  isl version isl-0.22.1-GMP]
  ignore line: []
  ignore line: [GGC heuristics: --param ggc-min-expand=100 --param ggc-min-heapsize=131072]
  ignore line: [ignoring duplicate directory "/usr/include/x86_64-linux-gnu/c++/9"]
  ignore line: [ignoring nonexistent directory "/usr/local/include/x86_64-linux-gnu"]
  ignore line: [ignoring nonexistent directory "/usr/lib/gcc/x86_64-linux-gnu/9/include-fixed"]
  ignore line: [ignoring nonexistent directory "/usr/lib/gcc/x86_64-linux-gnu/9/../../../../x86_64-linux-gnu/include"]
  ignore line: [#include "..." search starts here:]
  ignore line: [#include <...> search starts here:]
  ignore line: [ /usr/include/c++/9]
  ignore line: [ /usr/include/x86_64-linux-gnu/c++/9]
  ignore line: [ /usr/include/c++/9/backward]
  ignore line: [ /usr/lib/gcc/x86_64-linux-gnu/9/include]
  ignore line: [ /usr/local/include]
  ignore line: [ /usr/include/x86_64-linux-gnu]
  ignore line: [ /usr/include]
  ignore line: [End of search list.]
  ignore line: [GNU C++14 (Ubuntu 9.4.0-1ubuntu1~20.04.1) version 9.4.0 (x86_64-linux-gnu)]
  ignore line: [	compiled by GNU C version 9.4.0  GMP version 6.2.0  MPFR version 4.0.2  MPC version 1.1.0  isl version isl-0.22.1-GMP]
  ignore line: []
  ignore line: [GGC heuristics: --param ggc-min-expand=100 --param ggc-min-heapsize=131072]
  ignore line: [Compiler executable checksum: 65fe925b83d3956b533de4aaba7dace0]
  ignore line: [COLLECT_GCC_OPTIONS='-v' '-o' 'CMakeFiles/cmTC_c1b17.dir/CMakeCXXCompilerABI.cpp.o' '-c' '-shared-libgcc' '-mtune=generic' '-march=x86-64']
  ignore line: [ as -v --64 -o CMakeFiles/cmTC_c1b17.dir/CMakeCXXCompilerABI.cpp.o /tmp/ccvLHbmw.s]
  ignore line: [GNU assembler version 2.34 (x86_64-linux-gnu) using BFD version (GNU Binutils for Ubuntu) 2.34]
  ignore line: [COMPILER_PATH=/usr/lib/gcc/x86_64-linux-gnu/9/:/usr/lib/gcc/x86_64-linux-gnu/9/:/usr/lib/gcc/x86_64-linux-gnu/:/usr/lib/gcc/x86_64-linux-gnu/9/:/usr/lib/gcc/x86_64-linux-gnu/]
  ignore line: [LIBRARY_PATH=/usr/lib/gcc/x86_64-linux-gnu/9/:/usr/lib/gcc/x86_64-linux-gnu/9/../../../x86_64-linux-gnu/:/usr/lib/gcc/x86_64-linux-gnu/9/../../../../lib/:/lib/x86_64-linux-gnu/:/lib/../lib/:/usr/lib/x86_64-linux-gnu/:/usr/lib/../lib/:/usr/lib/gcc/x86_64-linux-gnu/9/../../../:/lib/:/usr/lib/]
  ignore line: [COLLECT_GCC_OPTIONS='-v' '-o' 'CMakeFiles/cmTC_c1b17.dir/CMakeCXXCompilerABI.cpp.o' '-c' '-shared-libgcc' '-mtune=generic' '-march=x86-64']
  ignore line: [Linking CXX executable cmTC_c1b17]
  ignore line: [/mnt/r/cmake/Bootstrap.cmk/cmake -E cmake_link_script CMakeFiles/cmTC_c1b17.dir/link.txt --verbose=1]
  ignore line: [/usr/bin/g++  -v CMakeFiles/cmTC_c1b17.dir/CMakeCXXCompilerABI.cpp.o -o cmTC_c1b17 ]
  ignore line: [Using built-in specs.]
  ignore line: [COLLECT_GCC=/usr/bin/g++]
  ignore line: [COLLECT_LTO_WRAPPER=/usr/lib/gcc/x86_64-linux-gnu/9/lto-wrapper]
  ignore line: [OFFLOAD_TARGET_NAMES=nvptx-none:hsa]
  ignore line: [OFFLOAD_TARGET_DEFAULT=1]
  ignore line: [Target: x86_64-linux-gnu]
  ignore line: [Configured with: ../src/configure -v --with-pkgversion='Ubuntu 9.4.0-1ubuntu1~20.04.1' --with-bugurl=file:///usr/share/doc/gcc-9/README.Bugs --enable-languages=c ada c++ go brig d fortran objc obj-c++ gm2 --prefix=/usr --with-gcc-major-version-only --program-suffix=-9 --program-prefix=x86_64-linux-gnu- --enable-shared --enable-linker-build-id --libexecdir=/usr/lib --without-included-gettext --enable-threads=posix --libdir=/usr/lib --enable-nls --enable-clocale=gnu --enable-libstdcxx-debug --enable-libstdcxx-time=yes --with-default-libstdcxx-abi=new --enable-gnu-unique-object --disable-vtable-verify --enable-plugin --enable-default-pie --with-system-zlib --with-target-system-zlib=auto --enable-objc-gc=auto --enable-multiarch --disable-werror --with-arch-32=i686 --with-abi=m64 --with-multilib-list=m32 m64 mx32 --enable-multilib --with-tune=generic --enable-offload-targets=nvptx-none=/build/gcc-9-Av3uEd/gcc-9-9.4.0/debian/tmp-nvptx/usr hsa --without-cuda-driver --enable-checking=release --build=x86_64-linux-gnu --host=x86_64-linux-gnu --target=x86_64-linux-gnu]
  ignore line: [Thread model: posix]
  ignore line: [gcc version 9.4.0 (Ubuntu 9.4.0-1ubuntu1~20.04.1) ]
  ignore line: [COMPILER_PATH=/usr/lib/gcc/x86_64-linux-gnu/9/:/usr/lib/gcc/x86_64-linux-gnu/9/:/usr/lib/gcc/x86_64-linux-gnu/:/usr/lib/gcc/x86_64-linux-gnu/9/:/usr/lib/gcc/x86_64-linux-gnu/]
  ignore line: [LIBRARY_PATH=/usr/lib/gcc/x86_64-linux-gnu/9/:/usr/lib/gcc/x86_64-linux-gnu/9/../../../x86_64-linux-gnu/:/usr/lib/gcc/x86_64-linux-gnu/9/../../../../lib/:/lib/x86_64-linux-gnu/:/lib/../lib/:/usr/lib/x86_64-linux-gnu/:/usr/lib/../lib/:/usr/lib/gcc/x86_64-linux-gnu/9/../../../:/lib/:/usr/lib/]
  ignore line: [COLLECT_GCC_OPTIONS='-v' '-o' 'cmTC_c1b17' '-shared-libgcc' '-mtune=generic' '-march=x86-64']
  link line: [ /usr/lib/gcc/x86_64-linux-gnu/9/collect2 -plugin /usr/lib/gcc/x86_64-linux-gnu/9/liblto_plugin.so -plugin-opt=/usr/lib/gcc/x86_64-linux-gnu/9/lto-wrapper -plugin-opt=-fresolution=/tmp/cc2jra0Y.res -plugin-opt=-pass-through=-lgcc_s -plugin-opt=-pass-through=-lgcc -plugin-opt=-pass-through=-lc -plugin-opt=-pass-through=-lgcc_s -plugin-opt=-pass-through=-lgcc --build-id --eh-frame-hdr -m elf_x86_64 --hash-style=gnu --as-needed -dynamic-linker /lib64/ld-linux-x86-64.so.2 -pie -z now -z relro -o cmTC_c1b17 /usr/lib/gcc/x86_64-linux-gnu/9/../../../x86_64-linux-gnu/Scrt1.o /usr/lib/gcc/x86_64-linux-gnu/9/../../../x86_64-linux-gnu/crti.o /usr/lib/gcc/x86_64-linux-gnu/9/crtbeginS.o -L/usr/lib/gcc/x86_64-linux-gnu/9 -L/usr/lib/gcc/x86_64-linux-gnu/9/../../../x86_64-linux-gnu -L/usr/lib/gcc/x86_64-linux-gnu/9/../../../../lib -L/lib/x86_64-linux-gnu -L/lib/../lib -L/usr/lib/x86_64-linux-gnu -L/usr/lib/../lib -L/usr/lib/gcc/x86_64-linux-gnu/9/../../.. CMakeFiles/cmTC_c1b17.dir/CMakeCXXCompilerABI.cpp.o -lstdc++ -lm -lgcc_s -lgcc -lc -lgcc_s -lgcc /usr/lib/gcc/x86_64-linux-gnu/9/crtendS.o /usr/lib/gcc/x86_64-linux-gnu/9/../../../x86_64-linux-gnu/crtn.o]
    arg [/usr/lib/gcc/x86_64-linux-gnu/9/collect2] ==> ignore
    arg [-plugin] ==> ignore
    arg [/usr/lib/gcc/x86_64-linux-gnu/9/liblto_plugin.so] ==> ignore
    arg [-plugin-opt=/usr/lib/gcc/x86_64-linux-gnu/9/lto-wrapper] ==> ignore
    arg [-plugin-opt=-fresolution=/tmp/cc2jra0Y.res] ==> ignore
    arg [-plugin-opt=-pass-through=-lgcc_s] ==> ignore
    arg [-plugin-opt=-pass-through=-lgcc] ==> ignore
    arg [-plugin-opt=-pass-through=-lc] ==> ignore
    arg [-plugin-opt=-pass-through=-lgcc_s] ==> ignore
    arg [-plugin-opt=-pass-through=-lgcc] ==> ignore
    arg [--build-id] ==> ignore
    arg [--eh-frame-hdr] ==> ignore
    arg [-m] ==> ignore
    arg [elf_x86_64] ==> ignore
    arg [--hash-style=gnu] ==> ignore
    arg [--as-needed] ==> ignore
    arg [-dynamic-linker] ==> ignore
    arg [/lib64/ld-linux-x86-64.so.2] ==> ignore
    arg [-pie] ==> ignore
    arg [-znow] ==> ignore
    arg [-zrelro] ==> ignore
    arg [-o] ==> ignore
    arg [cmTC_c1b17] ==> ignore
    arg [/usr/lib/gcc/x86_64-linux-gnu/9/../../../x86_64-linux-gnu/Scrt1.o] ==> obj [/usr/lib/gcc/x86_64-linux-gnu/9/../../../x86_64-linux-gnu/Scrt1.o]
    arg [/usr/lib/gcc/x86_64-linux-gnu/9/../../../x86_64-linux-gnu/crti.o] ==> obj [/usr/lib/gcc/x86_64-linux-gnu/9/../../../x86_64-linux-gnu/crti.o]
    arg [/usr/lib/gcc/x86_64-linux-gnu/9/crtbeginS.o] ==> obj [/usr/lib/gcc/x86_64-linux-gnu/9/crtbeginS.o]
    arg [-L/usr/lib/gcc/x86_64-linux-gnu/9] ==> dir [/usr/lib/gcc/x86_64-linux-gnu/9]
    arg [-L/usr/lib/gcc/x86_64-linux-gnu/9/../../../x86_64-linux-gnu] ==> dir [/usr/lib/gcc/x86_64-linux-gnu/9/../../../x86_64-linux-gnu]
    arg [-L/usr/lib/gcc/x86_64-linux-gnu/9/../../../../lib] ==> dir [/usr/lib/gcc/x86_64-linux-gnu/9/../../../../lib]
    arg [-L/lib/x86_64-linux-gnu] ==> dir [/lib/x86_64-linux-gnu]
    arg [-L/lib/../lib] ==> dir [/lib/../lib]
    arg [-L/usr/lib/x86_64-linux-gnu] ==> dir [/usr/lib/x86_64-linux-gnu]
    arg [-L/usr/lib/../lib] ==> dir [/usr/lib/../lib]
    arg [-L/usr/lib/gcc/x86_64-linux-gnu/9/../../..] ==> dir [/usr/lib/gcc/x86_64-linux-gnu/9/../../..]
    arg [CMakeFiles/cmTC_c1b17.dir/CMakeCXXCompilerABI.cpp.o] ==> ignore
    arg [-lstdc++] ==> lib [stdc++]
    arg [-lm] ==> lib [m]
    arg [-lgcc_s] ==> lib [gcc_s]
    arg [-lgcc] ==> lib [gcc]
    arg [-lc] ==> lib [c]
    arg [-lgcc_s] ==> lib [gcc_s]
    arg [-lgcc] ==> lib [gcc]
    arg [/usr/lib/gcc/x86_64-linux-gnu/9/crtendS.o] ==> obj [/usr/lib/gcc/x86_64-linux-gnu/9/crtendS.o]
    arg [/usr/lib/gcc/x86_64-linux-gnu/9/../../../x86_64-linux-gnu/crtn.o] ==> obj [/usr/lib/gcc/x86_64-linux-gnu/9/../../../x86_64-linux-gnu/crtn.o]
  collapse obj [/usr/lib/gcc/x86_64-linux-gnu/9/../../../x86_64-linux-gnu/Scrt1.o] ==> [/usr/lib/x86_64-linux-gnu/Scrt1.o]
  collapse obj [/usr/lib/gcc/x86_64-linux-gnu/9/../../../x86_64-linux-gnu/crti.o] ==> [/usr/lib/x86_64-linux-gnu/crti.o]
  collapse obj [/usr/lib/gcc/x86_64-linux-gnu/9/../../../x86_64-linux-gnu/crtn.o] ==> [/usr/lib/x86_64-linux-gnu/crtn.o]
  collapse library dir [/usr/lib/gcc/x86_64-linux-gnu/9] ==> [/usr/lib/gcc/x86_64-linux-gnu/9]
  collapse library dir [/usr/lib/gcc/x86_64-linux-gnu/9/../../../x86_64-linux-gnu] ==> [/usr/lib/x86_64-linux-gnu]
  collapse library dir [/usr/lib/gcc/x86_64-linux-gnu/9/../../../../lib] ==> [/usr/lib]
  collapse library dir [/lib/x86_64-linux-gnu] ==> [/lib/x86_64-linux-gnu]
  collapse library dir [/lib/../lib] ==> [/lib]
  collapse library dir [/usr/lib/x86_64-linux-gnu] ==> [/usr/lib/x86_64-linux-gnu]
  collapse library dir [/usr/lib/../lib] ==> [/usr/lib]
  collapse library dir [/usr/lib/gcc/x86_64-linux-gnu/9/../../..] ==> [/usr/lib]
  implicit libs: [stdc++;m;gcc_s;gcc;c;gcc_s;gcc]
  implicit objs: [/usr/lib/x86_64-linux-gnu/Scrt1.o;/usr/lib/x86_64-linux-gnu/crti.o;/usr/lib/gcc/x86_64-linux-gnu/9/crtbeginS.o;/usr/lib/gcc/x86_64-linux-gnu/9/crtendS.o;/usr/lib/x86_64-linux-gnu/crtn.o]
  implicit dirs: [/usr/lib/gcc/x86_64-linux-gnu/9;/usr/lib/x86_64-linux-gnu;/usr/lib;/lib/x86_64-linux-gnu;/lib]
  implicit fwks: []


Determining if compiler supports C11 _Thread_local passed with the following output:
Change Dir: /mnt/r/cmake/CMakeFiles/CMakeTmp

Run Build Command(s):/usr/bin/make -f Makefile cmTC_ba177/fast && make  -f CMakeFiles/cmTC_ba177.dir/build.make CMakeFiles/cmTC_ba177.dir/build
make[1]: Entering directory '/mnt/r/cmake/CMakeFiles/CMakeTmp'
Building C object CMakeFiles/cmTC_ba177.dir/cm_c11_thread_local.c.o
/usr/bin/gcc   -std=gnu11 -o CMakeFiles/cmTC_ba177.dir/cm_c11_thread_local.c.o -c /mnt/r/cmake/Source/Checks/cm_c11_thread_local.c
Linking C executable cmTC_ba177
/mnt/r/cmake/Bootstrap.cmk/cmake -E cmake_link_script CMakeFiles/cmTC_ba177.dir/link.txt --verbose=1
/usr/bin/gcc CMakeFiles/cmTC_ba177.dir/cm_c11_thread_local.c.o -o cmTC_ba177 
make[1]: Leaving directory '/mnt/r/cmake/CMakeFiles/CMakeTmp'



Determining if compiler supports needed C++17 constructs passed with the following output:
Change Dir: /mnt/r/cmake/CMakeFiles/CMakeTmp

Run Build Command(s):/usr/bin/make -f Makefile cmTC_02b62/fast && make  -f CMakeFiles/cmTC_02b62.dir/build.make CMakeFiles/cmTC_02b62.dir/build
make[1]: Entering directory '/mnt/r/cmake/CMakeFiles/CMakeTmp'
Building CXX object CMakeFiles/cmTC_02b62.dir/cm_cxx17_check.cpp.o
/usr/bin/g++   -std=gnu++17 -o CMakeFiles/cmTC_02b62.dir/cm_cxx17_check.cpp.o -c /mnt/r/cmake/Source/Checks/cm_cxx17_check.cpp
Linking CXX executable cmTC_02b62
/mnt/r/cmake/Bootstrap.cmk/cmake -E cmake_link_script CMakeFiles/cmTC_02b62.dir/link.txt --verbose=1
/usr/bin/g++ CMakeFiles/cmTC_02b62.dir/cm_cxx17_check.cpp.o -o cmTC_02b62 
make[1]: Leaving directory '/mnt/r/cmake/CMakeFiles/CMakeTmp'



Determining if compiler supports C++ make_unique passed with the following output:
Change Dir: /mnt/r/cmake/CMakeFiles/CMakeTmp

Run Build Command(s):/usr/bin/make -f Makefile cmTC_caae7/fast && make  -f CMakeFiles/cmTC_caae7.dir/build.make CMakeFiles/cmTC_caae7.dir/build
make[1]: Entering directory '/mnt/r/cmake/CMakeFiles/CMakeTmp'
Building CXX object CMakeFiles/cmTC_caae7.dir/cm_cxx_make_unique.cxx.o
/usr/bin/g++   -std=gnu++17 -o CMakeFiles/cmTC_caae7.dir/cm_cxx_make_unique.cxx.o -c /mnt/r/cmake/Source/Checks/cm_cxx_make_unique.cxx
Linking CXX executable cmTC_caae7
/mnt/r/cmake/Bootstrap.cmk/cmake -E cmake_link_script CMakeFiles/cmTC_caae7.dir/link.txt --verbose=1
/usr/bin/g++ CMakeFiles/cmTC_caae7.dir/cm_cxx_make_unique.cxx.o -o cmTC_caae7 
make[1]: Leaving directory '/mnt/r/cmake/CMakeFiles/CMakeTmp'



Determining if compiler supports C++ filesystem passed with the following output:
Change Dir: /mnt/r/cmake/CMakeFiles/CMakeTmp

Run Build Command(s):/usr/bin/make -f Makefile cmTC_e07e9/fast && make  -f CMakeFiles/cmTC_e07e9.dir/build.make CMakeFiles/cmTC_e07e9.dir/build
make[1]: Entering directory '/mnt/r/cmake/CMakeFiles/CMakeTmp'
Building CXX object CMakeFiles/cmTC_e07e9.dir/cm_cxx_filesystem.cxx.o
/usr/bin/g++   -std=gnu++17 -o CMakeFiles/cmTC_e07e9.dir/cm_cxx_filesystem.cxx.o -c /mnt/r/cmake/Source/Checks/cm_cxx_filesystem.cxx
Linking CXX executable cmTC_e07e9
/mnt/r/cmake/Bootstrap.cmk/cmake -E cmake_link_script CMakeFiles/cmTC_e07e9.dir/link.txt --verbose=1
/usr/bin/g++ CMakeFiles/cmTC_e07e9.dir/cm_cxx_filesystem.cxx.o -o cmTC_e07e9 
make[1]: Leaving directory '/mnt/r/cmake/CMakeFiles/CMakeTmp'



Determining if the unsetenv exist passed with the following output:
Change Dir: /mnt/r/cmake/CMakeFiles/CMakeTmp

Run Build Command(s):/usr/bin/make -f Makefile cmTC_d06fb/fast && make  -f CMakeFiles/cmTC_d06fb.dir/build.make CMakeFiles/cmTC_d06fb.dir/build
make[1]: Entering directory '/mnt/r/cmake/CMakeFiles/CMakeTmp'
Building C object CMakeFiles/cmTC_d06fb.dir/CheckSymbolExists.c.o
/usr/bin/gcc   -std=gnu11 -o CMakeFiles/cmTC_d06fb.dir/CheckSymbolExists.c.o -c /mnt/r/cmake/CMakeFiles/CMakeTmp/CheckSymbolExists.c
Linking C executable cmTC_d06fb
/mnt/r/cmake/Bootstrap.cmk/cmake -E cmake_link_script CMakeFiles/cmTC_d06fb.dir/link.txt --verbose=1
/usr/bin/gcc CMakeFiles/cmTC_d06fb.dir/CheckSymbolExists.c.o -o cmTC_d06fb 
make[1]: Leaving directory '/mnt/r/cmake/CMakeFiles/CMakeTmp'


File /mnt/r/cmake/CMakeFiles/CMakeTmp/CheckSymbolExists.c:
/* */
#include <stdlib.h>

int main(int argc, char** argv)
{
  (void)argv;
#ifndef unsetenv
  return ((int*)(&unsetenv))[argc];
#else
  (void)argc;
  return 0;
#endif
}
Determining if the include file pthread.h exists passed with the following output:
Change Dir: /mnt/r/cmake/CMakeFiles/CMakeTmp

Run Build Command(s):/usr/bin/make -f Makefile cmTC_0e2d3/fast && make  -f CMakeFiles/cmTC_0e2d3.dir/build.make CMakeFiles/cmTC_0e2d3.dir/build
make[1]: Entering directory '/mnt/r/cmake/CMakeFiles/CMakeTmp'
Building C object CMakeFiles/cmTC_0e2d3.dir/CheckIncludeFile.c.o
/usr/bin/gcc   -std=gnu11 -o CMakeFiles/cmTC_0e2d3.dir/CheckIncludeFile.c.o -c /mnt/r/cmake/CMakeFiles/CMakeTmp/CheckIncludeFile.c
Linking C executable cmTC_0e2d3
/mnt/r/cmake/Bootstrap.cmk/cmake -E cmake_link_script CMakeFiles/cmTC_0e2d3.dir/link.txt --verbose=1
/usr/bin/gcc CMakeFiles/cmTC_0e2d3.dir/CheckIncludeFile.c.o -o cmTC_0e2d3 
make[1]: Leaving directory '/mnt/r/cmake/CMakeFiles/CMakeTmp'



Determining if the function pthread_create exists in the pthread passed with the following output:
Change Dir: /mnt/r/cmake/CMakeFiles/CMakeTmp

Run Build Command(s):/usr/bin/make -f Makefile cmTC_8e9b3/fast && make  -f CMakeFiles/cmTC_8e9b3.dir/build.make CMakeFiles/cmTC_8e9b3.dir/build
make[1]: Entering directory '/mnt/r/cmake/CMakeFiles/CMakeTmp'
Building C object CMakeFiles/cmTC_8e9b3.dir/CheckFunctionExists.c.o
/usr/bin/gcc   -DCHECK_FUNCTION_EXISTS=pthread_create -std=gnu11 -o CMakeFiles/cmTC_8e9b3.dir/CheckFunctionExists.c.o -c /mnt/r/cmake/Modules/CheckFunctionExists.c
Linking C executable cmTC_8e9b3
/mnt/r/cmake/Bootstrap.cmk/cmake -E cmake_link_script CMakeFiles/cmTC_8e9b3.dir/link.txt --verbose=1
/usr/bin/gcc  -DCHECK_FUNCTION_EXISTS=pthread_create CMakeFiles/cmTC_8e9b3.dir/CheckFunctionExists.c.o -o cmTC_8e9b3  -lpthread 
make[1]: Leaving directory '/mnt/r/cmake/CMakeFiles/CMakeTmp'



Checking whether wstring is available compiled with the following output:
Change Dir: /mnt/r/cmake/Source/kwsys/CMakeFiles/CMakeTmp

Run Build Command(s):/usr/bin/make -f Makefile cmTC_acae0/fast && make  -f CMakeFiles/cmTC_acae0.dir/build.make CMakeFiles/cmTC_acae0.dir/build
make[1]: Entering directory '/mnt/r/cmake/Source/kwsys/CMakeFiles/CMakeTmp'
Building CXX object CMakeFiles/cmTC_acae0.dir/kwsysPlatformTestsCXX.cxx.o
/usr/bin/g++ -DTEST_KWSYS_STL_HAS_WSTRING  -std=gnu++17 -o CMakeFiles/cmTC_acae0.dir/kwsysPlatformTestsCXX.cxx.o -c /mnt/r/cmake/Source/kwsys/kwsysPlatformTestsCXX.cxx
Linking CXX executable cmTC_acae0
/mnt/r/cmake/Bootstrap.cmk/cmake -E cmake_link_script CMakeFiles/cmTC_acae0.dir/link.txt --verbose=1
/usr/bin/g++ -rdynamic CMakeFiles/cmTC_acae0.dir/kwsysPlatformTestsCXX.cxx.o -o cmTC_acae0 
make[1]: Leaving directory '/mnt/r/cmake/Source/kwsys/CMakeFiles/CMakeTmp'



Checking whether C compiler has ptrdiff_t in stddef.h compiled with the following output:
Change Dir: /mnt/r/cmake/Source/kwsys/CMakeFiles/CMakeTmp

Run Build Command(s):/usr/bin/make -f Makefile cmTC_869f0/fast && make  -f CMakeFiles/cmTC_869f0.dir/build.make CMakeFiles/cmTC_869f0.dir/build
make[1]: Entering directory '/mnt/r/cmake/Source/kwsys/CMakeFiles/CMakeTmp'
Building C object CMakeFiles/cmTC_869f0.dir/kwsysPlatformTestsC.c.o
/usr/bin/gcc -DTEST_KWSYS_C_HAS_PTRDIFF_T  -std=gnu11 -o CMakeFiles/cmTC_869f0.dir/kwsysPlatformTestsC.c.o -c /mnt/r/cmake/Source/kwsys/kwsysPlatformTestsC.c
Linking C executable cmTC_869f0
/mnt/r/cmake/Bootstrap.cmk/cmake -E cmake_link_script CMakeFiles/cmTC_869f0.dir/link.txt --verbose=1
/usr/bin/gcc -rdynamic CMakeFiles/cmTC_869f0.dir/kwsysPlatformTestsC.c.o -o cmTC_869f0 
make[1]: Leaving directory '/mnt/r/cmake/Source/kwsys/CMakeFiles/CMakeTmp'



Checking whether C compiler has ssize_t in unistd.h compiled with the following output:
Change Dir: /mnt/r/cmake/Source/kwsys/CMakeFiles/CMakeTmp

Run Build Command(s):/usr/bin/make -f Makefile cmTC_af1f1/fast && make  -f CMakeFiles/cmTC_af1f1.dir/build.make CMakeFiles/cmTC_af1f1.dir/build
make[1]: Entering directory '/mnt/r/cmake/Source/kwsys/CMakeFiles/CMakeTmp'
Building C object CMakeFiles/cmTC_af1f1.dir/kwsysPlatformTestsC.c.o
/usr/bin/gcc -DTEST_KWSYS_C_HAS_SSIZE_T  -std=gnu11 -o CMakeFiles/cmTC_af1f1.dir/kwsysPlatformTestsC.c.o -c /mnt/r/cmake/Source/kwsys/kwsysPlatformTestsC.c
Linking C executable cmTC_af1f1
/mnt/r/cmake/Bootstrap.cmk/cmake -E cmake_link_script CMakeFiles/cmTC_af1f1.dir/link.txt --verbose=1
/usr/bin/gcc -rdynamic CMakeFiles/cmTC_af1f1.dir/kwsysPlatformTestsC.c.o -o cmTC_af1f1 
make[1]: Leaving directory '/mnt/r/cmake/Source/kwsys/CMakeFiles/CMakeTmp'



Checking whether C compiler has clock_gettime compiled with the following output:
Change Dir: /mnt/r/cmake/Source/kwsys/CMakeFiles/CMakeTmp

Run Build Command(s):/usr/bin/make -f Makefile cmTC_8bc32/fast && make  -f CMakeFiles/cmTC_8bc32.dir/build.make CMakeFiles/cmTC_8bc32.dir/build
make[1]: Entering directory '/mnt/r/cmake/Source/kwsys/CMakeFiles/CMakeTmp'
Building C object CMakeFiles/cmTC_8bc32.dir/kwsysPlatformTestsC.c.o
/usr/bin/gcc -DTEST_KWSYS_C_HAS_CLOCK_GETTIME_MONOTONIC  -std=gnu11 -o CMakeFiles/cmTC_8bc32.dir/kwsysPlatformTestsC.c.o -c /mnt/r/cmake/Source/kwsys/kwsysPlatformTestsC.c
Linking C executable cmTC_8bc32
/mnt/r/cmake/Bootstrap.cmk/cmake -E cmake_link_script CMakeFiles/cmTC_8bc32.dir/link.txt --verbose=1
/usr/bin/gcc -rdynamic CMakeFiles/cmTC_8bc32.dir/kwsysPlatformTestsC.c.o -o cmTC_8bc32 
make[1]: Leaving directory '/mnt/r/cmake/Source/kwsys/CMakeFiles/CMakeTmp'



Checking whether CXX compiler has setenv compiled with the following output:
Change Dir: /mnt/r/cmake/Source/kwsys/CMakeFiles/CMakeTmp

Run Build Command(s):/usr/bin/make -f Makefile cmTC_589b0/fast && make  -f CMakeFiles/cmTC_589b0.dir/build.make CMakeFiles/cmTC_589b0.dir/build
make[1]: Entering directory '/mnt/r/cmake/Source/kwsys/CMakeFiles/CMakeTmp'
Building CXX object CMakeFiles/cmTC_589b0.dir/kwsysPlatformTestsCXX.cxx.o
/usr/bin/g++ -DTEST_KWSYS_CXX_HAS_SETENV  -std=gnu++17 -o CMakeFiles/cmTC_589b0.dir/kwsysPlatformTestsCXX.cxx.o -c /mnt/r/cmake/Source/kwsys/kwsysPlatformTestsCXX.cxx
Linking CXX executable cmTC_589b0
/mnt/r/cmake/Bootstrap.cmk/cmake -E cmake_link_script CMakeFiles/cmTC_589b0.dir/link.txt --verbose=1
/usr/bin/g++ -rdynamic CMakeFiles/cmTC_589b0.dir/kwsysPlatformTestsCXX.cxx.o -o cmTC_589b0 
make[1]: Leaving directory '/mnt/r/cmake/Source/kwsys/CMakeFiles/CMakeTmp'



Checking whether CXX compiler has unsetenv compiled with the following output:
Change Dir: /mnt/r/cmake/Source/kwsys/CMakeFiles/CMakeTmp

Run Build Command(s):/usr/bin/make -f Makefile cmTC_db466/fast && make  -f CMakeFiles/cmTC_db466.dir/build.make CMakeFiles/cmTC_db466.dir/build
make[1]: Entering directory '/mnt/r/cmake/Source/kwsys/CMakeFiles/CMakeTmp'
Building CXX object CMakeFiles/cmTC_db466.dir/kwsysPlatformTestsCXX.cxx.o
/usr/bin/g++ -DTEST_KWSYS_CXX_HAS_UNSETENV  -std=gnu++17 -o CMakeFiles/cmTC_db466.dir/kwsysPlatformTestsCXX.cxx.o -c /mnt/r/cmake/Source/kwsys/kwsysPlatformTestsCXX.cxx
Linking CXX executable cmTC_db466
/mnt/r/cmake/Bootstrap.cmk/cmake -E cmake_link_script CMakeFiles/cmTC_db466.dir/link.txt --verbose=1
/usr/bin/g++ -rdynamic CMakeFiles/cmTC_db466.dir/kwsysPlatformTestsCXX.cxx.o -o cmTC_db466 
make[1]: Leaving directory '/mnt/r/cmake/Source/kwsys/CMakeFiles/CMakeTmp'



Checking whether CXX compiler has utimes compiled with the following output:
Change Dir: /mnt/r/cmake/Source/kwsys/CMakeFiles/CMakeTmp

Run Build Command(s):/usr/bin/make -f Makefile cmTC_1ad69/fast && make  -f CMakeFiles/cmTC_1ad69.dir/build.make CMakeFiles/cmTC_1ad69.dir/build
make[1]: Entering directory '/mnt/r/cmake/Source/kwsys/CMakeFiles/CMakeTmp'
Building CXX object CMakeFiles/cmTC_1ad69.dir/kwsysPlatformTestsCXX.cxx.o
/usr/bin/g++ -DTEST_KWSYS_CXX_HAS_UTIMES  -std=gnu++17 -o CMakeFiles/cmTC_1ad69.dir/kwsysPlatformTestsCXX.cxx.o -c /mnt/r/cmake/Source/kwsys/kwsysPlatformTestsCXX.cxx
Linking CXX executable cmTC_1ad69
/mnt/r/cmake/Bootstrap.cmk/cmake -E cmake_link_script CMakeFiles/cmTC_1ad69.dir/link.txt --verbose=1
/usr/bin/g++ -rdynamic CMakeFiles/cmTC_1ad69.dir/kwsysPlatformTestsCXX.cxx.o -o cmTC_1ad69 
make[1]: Leaving directory '/mnt/r/cmake/Source/kwsys/CMakeFiles/CMakeTmp'



Checking whether CXX compiler has utimensat compiled with the following output:
Change Dir: /mnt/r/cmake/Source/kwsys/CMakeFiles/CMakeTmp

Run Build Command(s):/usr/bin/make -f Makefile cmTC_5ef85/fast && make  -f CMakeFiles/cmTC_5ef85.dir/build.make CMakeFiles/cmTC_5ef85.dir/build
make[1]: Entering directory '/mnt/r/cmake/Source/kwsys/CMakeFiles/CMakeTmp'
Building CXX object CMakeFiles/cmTC_5ef85.dir/kwsysPlatformTestsCXX.cxx.o
/usr/bin/g++ -DTEST_KWSYS_CXX_HAS_UTIMENSAT  -std=gnu++17 -o CMakeFiles/cmTC_5ef85.dir/kwsysPlatformTestsCXX.cxx.o -c /mnt/r/cmake/Source/kwsys/kwsysPlatformTestsCXX.cxx
Linking CXX executable cmTC_5ef85
/mnt/r/cmake/Bootstrap.cmk/cmake -E cmake_link_script CMakeFiles/cmTC_5ef85.dir/link.txt --verbose=1
/usr/bin/g++ -rdynamic CMakeFiles/cmTC_5ef85.dir/kwsysPlatformTestsCXX.cxx.o -o cmTC_5ef85 
make[1]: Leaving directory '/mnt/r/cmake/Source/kwsys/CMakeFiles/CMakeTmp'



Checking whether CXX compiler struct stat has st_mtim member compiled with the following output:
Change Dir: /mnt/r/cmake/Source/kwsys/CMakeFiles/CMakeTmp

Run Build Command(s):/usr/bin/make -f Makefile cmTC_db3f9/fast && make  -f CMakeFiles/cmTC_db3f9.dir/build.make CMakeFiles/cmTC_db3f9.dir/build
make[1]: Entering directory '/mnt/r/cmake/Source/kwsys/CMakeFiles/CMakeTmp'
Building CXX object CMakeFiles/cmTC_db3f9.dir/kwsysPlatformTestsCXX.cxx.o
/usr/bin/g++ -DTEST_KWSYS_CXX_STAT_HAS_ST_MTIM  -std=gnu++17 -o CMakeFiles/cmTC_db3f9.dir/kwsysPlatformTestsCXX.cxx.o -c /mnt/r/cmake/Source/kwsys/kwsysPlatformTestsCXX.cxx
Linking CXX executable cmTC_db3f9
/mnt/r/cmake/Bootstrap.cmk/cmake -E cmake_link_script CMakeFiles/cmTC_db3f9.dir/link.txt --verbose=1
/usr/bin/g++ -rdynamic CMakeFiles/cmTC_db3f9.dir/kwsysPlatformTestsCXX.cxx.o -o cmTC_db3f9 
make[1]: Leaving directory '/mnt/r/cmake/Source/kwsys/CMakeFiles/CMakeTmp'



Determining if files sys/types.h;ifaddrs.h exist passed with the following output:
Change Dir: /mnt/r/cmake/CMakeFiles/CMakeTmp

Run Build Command(s):/usr/bin/make -f Makefile cmTC_87461/fast && make  -f CMakeFiles/cmTC_87461.dir/build.make CMakeFiles/cmTC_87461.dir/build
make[1]: Entering directory '/mnt/r/cmake/CMakeFiles/CMakeTmp'
Building C object CMakeFiles/cmTC_87461.dir/KWSYS_SYS_HAS_IFADDRS_H.c.o
/usr/bin/gcc   -std=gnu11 -o CMakeFiles/cmTC_87461.dir/KWSYS_SYS_HAS_IFADDRS_H.c.o -c /mnt/r/cmake/CMakeFiles/CheckIncludeFiles/KWSYS_SYS_HAS_IFADDRS_H.c
Linking C executable cmTC_87461
/mnt/r/cmake/Bootstrap.cmk/cmake -E cmake_link_script CMakeFiles/cmTC_87461.dir/link.txt --verbose=1
/usr/bin/gcc -rdynamic CMakeFiles/cmTC_87461.dir/KWSYS_SYS_HAS_IFADDRS_H.c.o -o cmTC_87461 
make[1]: Leaving directory '/mnt/r/cmake/CMakeFiles/CMakeTmp'



Checking whether CXX compiler has rlimit64 compiled with the following output:
Change Dir: /mnt/r/cmake/Source/kwsys/CMakeFiles/CMakeTmp

Run Build Command(s):/usr/bin/make -f Makefile cmTC_6597e/fast && make  -f CMakeFiles/cmTC_6597e.dir/build.make CMakeFiles/cmTC_6597e.dir/build
make[1]: Entering directory '/mnt/r/cmake/Source/kwsys/CMakeFiles/CMakeTmp'
Building CXX object CMakeFiles/cmTC_6597e.dir/kwsysPlatformTestsCXX.cxx.o
/usr/bin/g++ -DTEST_KWSYS_CXX_HAS_RLIMIT64  -std=gnu++17 -o CMakeFiles/cmTC_6597e.dir/kwsysPlatformTestsCXX.cxx.o -c /mnt/r/cmake/Source/kwsys/kwsysPlatformTestsCXX.cxx
Linking CXX executable cmTC_6597e
/mnt/r/cmake/Bootstrap.cmk/cmake -E cmake_link_script CMakeFiles/cmTC_6597e.dir/link.txt --verbose=1
/usr/bin/g++ -rdynamic CMakeFiles/cmTC_6597e.dir/kwsysPlatformTestsCXX.cxx.o -o cmTC_6597e 
make[1]: Leaving directory '/mnt/r/cmake/Source/kwsys/CMakeFiles/CMakeTmp'



Determining if the include file execinfo.h exists passed with the following output:
Change Dir: /mnt/r/cmake/CMakeFiles/CMakeTmp

Run Build Command(s):/usr/bin/make -f Makefile cmTC_2b9fb/fast && make  -f CMakeFiles/cmTC_2b9fb.dir/build.make CMakeFiles/cmTC_2b9fb.dir/build
make[1]: Entering directory '/mnt/r/cmake/CMakeFiles/CMakeTmp'
Building CXX object CMakeFiles/cmTC_2b9fb.dir/CheckIncludeFile.cxx.o
/usr/bin/g++   -std=gnu++17 -o CMakeFiles/cmTC_2b9fb.dir/CheckIncludeFile.cxx.o -c /mnt/r/cmake/CMakeFiles/CMakeTmp/CheckIncludeFile.cxx
Linking CXX executable cmTC_2b9fb
/mnt/r/cmake/Bootstrap.cmk/cmake -E cmake_link_script CMakeFiles/cmTC_2b9fb.dir/link.txt --verbose=1
/usr/bin/g++ -rdynamic CMakeFiles/cmTC_2b9fb.dir/CheckIncludeFile.cxx.o -o cmTC_2b9fb 
make[1]: Leaving directory '/mnt/r/cmake/CMakeFiles/CMakeTmp'



Checking whether backtrace works with this C++ compiler compiled with the following output:
Change Dir: /mnt/r/cmake/Source/kwsys/CMakeFiles/CMakeTmp

Run Build Command(s):/usr/bin/make -f Makefile cmTC_6d012/fast && make  -f CMakeFiles/cmTC_6d012.dir/build.make CMakeFiles/cmTC_6d012.dir/build
make[1]: Entering directory '/mnt/r/cmake/Source/kwsys/CMakeFiles/CMakeTmp'
Building CXX object CMakeFiles/cmTC_6d012.dir/kwsysPlatformTestsCXX.cxx.o
/usr/bin/g++ -DTEST_KWSYS_CXX_HAS_BACKTRACE  -std=gnu++17 -o CMakeFiles/cmTC_6d012.dir/kwsysPlatformTestsCXX.cxx.o -c /mnt/r/cmake/Source/kwsys/kwsysPlatformTestsCXX.cxx
Linking CXX executable cmTC_6d012
/mnt/r/cmake/Bootstrap.cmk/cmake -E cmake_link_script CMakeFiles/cmTC_6d012.dir/link.txt --verbose=1
/usr/bin/g++ -rdynamic CMakeFiles/cmTC_6d012.dir/kwsysPlatformTestsCXX.cxx.o -o cmTC_6d012 
make[1]: Leaving directory '/mnt/r/cmake/Source/kwsys/CMakeFiles/CMakeTmp'



Determining if the include file dlfcn.h exists passed with the following output:
Change Dir: /mnt/r/cmake/CMakeFiles/CMakeTmp

Run Build Command(s):/usr/bin/make -f Makefile cmTC_cece6/fast && make  -f CMakeFiles/cmTC_cece6.dir/build.make CMakeFiles/cmTC_cece6.dir/build
make[1]: Entering directory '/mnt/r/cmake/CMakeFiles/CMakeTmp'
Building CXX object CMakeFiles/cmTC_cece6.dir/CheckIncludeFile.cxx.o
/usr/bin/g++   -std=gnu++17 -o CMakeFiles/cmTC_cece6.dir/CheckIncludeFile.cxx.o -c /mnt/r/cmake/CMakeFiles/CMakeTmp/CheckIncludeFile.cxx
Linking CXX executable cmTC_cece6
/mnt/r/cmake/Bootstrap.cmk/cmake -E cmake_link_script CMakeFiles/cmTC_cece6.dir/link.txt --verbose=1
/usr/bin/g++ -rdynamic CMakeFiles/cmTC_cece6.dir/CheckIncludeFile.cxx.o -o cmTC_cece6 
make[1]: Leaving directory '/mnt/r/cmake/CMakeFiles/CMakeTmp'



Checking whether dladdr works with this C++ compiler compiled with the following output:
Change Dir: /mnt/r/cmake/Source/kwsys/CMakeFiles/CMakeTmp

Run Build Command(s):/usr/bin/make -f Makefile cmTC_89139/fast && make  -f CMakeFiles/cmTC_89139.dir/build.make CMakeFiles/cmTC_89139.dir/build
make[1]: Entering directory '/mnt/r/cmake/Source/kwsys/CMakeFiles/CMakeTmp'
Building CXX object CMakeFiles/cmTC_89139.dir/kwsysPlatformTestsCXX.cxx.o
/usr/bin/g++ -DTEST_KWSYS_CXX_HAS_DLADDR  -std=gnu++17 -o CMakeFiles/cmTC_89139.dir/kwsysPlatformTestsCXX.cxx.o -c /mnt/r/cmake/Source/kwsys/kwsysPlatformTestsCXX.cxx
Linking CXX executable cmTC_89139
/mnt/r/cmake/Bootstrap.cmk/cmake -E cmake_link_script CMakeFiles/cmTC_89139.dir/link.txt --verbose=1
/usr/bin/g++ -rdynamic CMakeFiles/cmTC_89139.dir/kwsysPlatformTestsCXX.cxx.o -o cmTC_89139  -ldl 
make[1]: Leaving directory '/mnt/r/cmake/Source/kwsys/CMakeFiles/CMakeTmp'



Determining if the include file cxxabi.h exists passed with the following output:
Change Dir: /mnt/r/cmake/CMakeFiles/CMakeTmp

Run Build Command(s):/usr/bin/make -f Makefile cmTC_fc0d4/fast && make  -f CMakeFiles/cmTC_fc0d4.dir/build.make CMakeFiles/cmTC_fc0d4.dir/build
make[1]: Entering directory '/mnt/r/cmake/CMakeFiles/CMakeTmp'
Building CXX object CMakeFiles/cmTC_fc0d4.dir/CheckIncludeFile.cxx.o
/usr/bin/g++   -std=gnu++17 -o CMakeFiles/cmTC_fc0d4.dir/CheckIncludeFile.cxx.o -c /mnt/r/cmake/CMakeFiles/CMakeTmp/CheckIncludeFile.cxx
Linking CXX executable cmTC_fc0d4
/mnt/r/cmake/Bootstrap.cmk/cmake -E cmake_link_script CMakeFiles/cmTC_fc0d4.dir/link.txt --verbose=1
/usr/bin/g++ -rdynamic CMakeFiles/cmTC_fc0d4.dir/CheckIncludeFile.cxx.o -o cmTC_fc0d4 
make[1]: Leaving directory '/mnt/r/cmake/CMakeFiles/CMakeTmp'



Checking whether cxxabi works with this C++ compiler compiled with the following output:
Change Dir: /mnt/r/cmake/Source/kwsys/CMakeFiles/CMakeTmp

Run Build Command(s):/usr/bin/make -f Makefile cmTC_c0c7b/fast && make  -f CMakeFiles/cmTC_c0c7b.dir/build.make CMakeFiles/cmTC_c0c7b.dir/build
make[1]: Entering directory '/mnt/r/cmake/Source/kwsys/CMakeFiles/CMakeTmp'
Building CXX object CMakeFiles/cmTC_c0c7b.dir/kwsysPlatformTestsCXX.cxx.o
/usr/bin/g++ -DTEST_KWSYS_CXX_HAS_CXXABI  -std=gnu++17 -o CMakeFiles/cmTC_c0c7b.dir/kwsysPlatformTestsCXX.cxx.o -c /mnt/r/cmake/Source/kwsys/kwsysPlatformTestsCXX.cxx
Linking CXX executable cmTC_c0c7b
/mnt/r/cmake/Bootstrap.cmk/cmake -E cmake_link_script CMakeFiles/cmTC_c0c7b.dir/link.txt --verbose=1
/usr/bin/g++ -rdynamic CMakeFiles/cmTC_c0c7b.dir/kwsysPlatformTestsCXX.cxx.o -o cmTC_c0c7b 
make[1]: Leaving directory '/mnt/r/cmake/Source/kwsys/CMakeFiles/CMakeTmp'



Checking whether CXX compiler has getloadavg compiled with the following output:
Change Dir: /mnt/r/cmake/Source/kwsys/CMakeFiles/CMakeTmp

Run Build Command(s):/usr/bin/make -f Makefile cmTC_f6d4e/fast && make  -f CMakeFiles/cmTC_f6d4e.dir/build.make CMakeFiles/cmTC_f6d4e.dir/build
make[1]: Entering directory '/mnt/r/cmake/Source/kwsys/CMakeFiles/CMakeTmp'
Building CXX object CMakeFiles/cmTC_f6d4e.dir/kwsysPlatformTestsCXX.cxx.o
/usr/bin/g++ -DTEST_KWSYS_CXX_HAS_GETLOADAVG  -std=gnu++17 -o CMakeFiles/cmTC_f6d4e.dir/kwsysPlatformTestsCXX.cxx.o -c /mnt/r/cmake/Source/kwsys/kwsysPlatformTestsCXX.cxx
Linking CXX executable cmTC_f6d4e
/mnt/r/cmake/Bootstrap.cmk/cmake -E cmake_link_script CMakeFiles/cmTC_f6d4e.dir/link.txt --verbose=1
/usr/bin/g++ -rdynamic CMakeFiles/cmTC_f6d4e.dir/kwsysPlatformTestsCXX.cxx.o -o cmTC_f6d4e 
make[1]: Leaving directory '/mnt/r/cmake/Source/kwsys/CMakeFiles/CMakeTmp'



Checking whether <ext/stdio_filebuf.h> is available compiled with the following output:
Change Dir: /mnt/r/cmake/Source/kwsys/CMakeFiles/CMakeTmp

Run Build Command(s):/usr/bin/make -f Makefile cmTC_4bfef/fast && make  -f CMakeFiles/cmTC_4bfef.dir/build.make CMakeFiles/cmTC_4bfef.dir/build
make[1]: Entering directory '/mnt/r/cmake/Source/kwsys/CMakeFiles/CMakeTmp'
Building CXX object CMakeFiles/cmTC_4bfef.dir/kwsysPlatformTestsCXX.cxx.o
/usr/bin/g++ -DTEST_KWSYS_CXX_HAS_EXT_STDIO_FILEBUF_H  -std=gnu++17 -o CMakeFiles/cmTC_4bfef.dir/kwsysPlatformTestsCXX.cxx.o -c /mnt/r/cmake/Source/kwsys/kwsysPlatformTestsCXX.cxx
Linking CXX executable cmTC_4bfef
/mnt/r/cmake/Bootstrap.cmk/cmake -E cmake_link_script CMakeFiles/cmTC_4bfef.dir/link.txt --verbose=1
/usr/bin/g++ -rdynamic CMakeFiles/cmTC_4bfef.dir/kwsysPlatformTestsCXX.cxx.o -o cmTC_4bfef 
make[1]: Leaving directory '/mnt/r/cmake/Source/kwsys/CMakeFiles/CMakeTmp'



Determining if the function gethostbyname exists in the c passed with the following output:
Change Dir: /mnt/r/cmake/CMakeFiles/CMakeTmp

Run Build Command(s):/usr/bin/make -f Makefile cmTC_37833/fast && make  -f CMakeFiles/cmTC_37833.dir/build.make CMakeFiles/cmTC_37833.dir/build
make[1]: Entering directory '/mnt/r/cmake/CMakeFiles/CMakeTmp'
Building C object CMakeFiles/cmTC_37833.dir/CheckFunctionExists.c.o
/usr/bin/gcc   -w -DCHECK_FUNCTION_EXISTS=gethostbyname -std=gnu11 -o CMakeFiles/cmTC_37833.dir/CheckFunctionExists.c.o -c /mnt/r/cmake/Modules/CheckFunctionExists.c
Linking C executable cmTC_37833
/mnt/r/cmake/Bootstrap.cmk/cmake -E cmake_link_script CMakeFiles/cmTC_37833.dir/link.txt --verbose=1
/usr/bin/gcc  -w -DCHECK_FUNCTION_EXISTS=gethostbyname CMakeFiles/cmTC_37833.dir/CheckFunctionExists.c.o -o cmTC_37833  -lc 
make[1]: Leaving directory '/mnt/r/cmake/CMakeFiles/CMakeTmp'



Determining if the function gethostname exists passed with the following output:
Change Dir: /mnt/r/cmake/CMakeFiles/CMakeTmp

Run Build Command(s):/usr/bin/make -f Makefile cmTC_429ef/fast && make  -f CMakeFiles/cmTC_429ef.dir/build.make CMakeFiles/cmTC_429ef.dir/build
make[1]: Entering directory '/mnt/r/cmake/CMakeFiles/CMakeTmp'
Building C object CMakeFiles/cmTC_429ef.dir/CheckFunctionExists.c.o
/usr/bin/gcc   -w -DCHECK_FUNCTION_EXISTS=gethostname -std=gnu11 -o CMakeFiles/cmTC_429ef.dir/CheckFunctionExists.c.o -c /mnt/r/cmake/Modules/CheckFunctionExists.c
Linking C executable cmTC_429ef
/mnt/r/cmake/Bootstrap.cmk/cmake -E cmake_link_script CMakeFiles/cmTC_429ef.dir/link.txt --verbose=1
/usr/bin/gcc  -w -DCHECK_FUNCTION_EXISTS=gethostname CMakeFiles/cmTC_429ef.dir/CheckFunctionExists.c.o -o cmTC_429ef 
make[1]: Leaving directory '/mnt/r/cmake/CMakeFiles/CMakeTmp'



